<?xml version="1.0" encoding="UTF-8"?>
<testsuite xmlns:xsi="http://www.w3.org/2001/XMLSchema-instance" xsi:noNamespaceSchemaLocation="https://maven.apache.org/surefire/maven-surefire-plugin/xsd/surefire-test-report-3.0.xsd" version="3.0" name="com.shaofengLi.MedicalPlan.MedicalPlanApplicationTests" time="2.374" tests="1" errors="0" skipped="0" failures="0">
  <properties>
[...]
</properties>
  <testcase name="contextLoads" classname="com.shaofengLi.MedicalPlan.MedicalPlanApplicationTests" time="0.499">
    <system-out><![CDATA[17:58:23.150 [main] INFO org.springframework.test.context.support.AnnotationConfigContextLoaderUtils -- Could not detect default configuration classes for test class [com.shaofengLi.MedicalPlan.MedicalPlanApplicationTests]: MedicalPlanApplicationTests does not declare any static, non-private, non-final, nested classes annotated with @Configuration.
17:58:23.195 [main] INFO org.springframework.boot.test.context.SpringBootTestContextBootstrapper -- Found @SpringBootConfiguration com.shaofengLi.MedicalPlan.MedicalPlanApplication for test class com.shaofengLi.MedicalPlan.MedicalPlanApplicationTests

  .   ____          _            __ _ _
 /\\ / ___'_ __ _ _(_)_ __  __ _ \ \ \ \
( ( )\___ | '_ | '_| | '_ \/ _` | \ \ \ \
 \\/  ___)| |_)| | | | | || (_| |  ) ) ) )
  '  |____| .__|_| |_|_| |_\__, | / / / /
 =========|_|==============|___/=/_/_/_/
 :: Spring Boot ::                (v3.1.4)

2023-11-30T17:58:23.389-05:00  WARN 57151 --- [           main] ory$DuplicateJsonObjectContextCustomizer : 

Found multiple occurrences of org.json.JSONObject on the class path:

	jar:file:/Users/shelton/.m2/repository/com/vaadin/external/google/android-json/0.0.20131108.vaadin1/android-json-0.0.20131108.vaadin1.jar!/org/json/JSONObject.class
	jar:file:/Users/shelton/.m2/repository/org/json/json/20220320/json-20220320.jar!/org/json/JSONObject.class

You may wish to exclude one of them to ensure predictable runtime behavior

2023-11-30T17:58:23.400-05:00  INFO 57151 --- [           main] c.s.M.MedicalPlanApplicationTests        : Starting MedicalPlanApplicationTests using Java 19.0.1 with PID 57151 (started by shelton in /Users/shelton/Documents/my-class/INFO7255/INFO7255/MedicalPlan)
2023-11-30T17:58:23.401-05:00  INFO 57151 --- [           main] c.s.M.MedicalPlanApplicationTests        : No active profile set, falling back to 1 default profile: "default"
2023-11-30T17:58:23.707-05:00  INFO 57151 --- [           main] .s.d.r.c.RepositoryConfigurationDelegate : Multiple Spring Data modules found, entering strict repository configuration mode
2023-11-30T17:58:23.708-05:00  INFO 57151 --- [           main] .s.d.r.c.RepositoryConfigurationDelegate : Bootstrapping Spring Data Elasticsearch repositories in DEFAULT mode.
2023-11-30T17:58:23.718-05:00  INFO 57151 --- [           main] .s.d.r.c.RepositoryConfigurationDelegate : Finished Spring Data repository scanning in 7 ms. Found 0 Elasticsearch repository interfaces.
2023-11-30T17:58:23.728-05:00  INFO 57151 --- [           main] .s.d.r.c.RepositoryConfigurationDelegate : Multiple Spring Data modules found, entering strict repository configuration mode
2023-11-30T17:58:23.728-05:00  INFO 57151 --- [           main] .s.d.r.c.RepositoryConfigurationDelegate : Bootstrapping Spring Data Redis repositories in DEFAULT mode.
2023-11-30T17:58:23.733-05:00  INFO 57151 --- [           main] .s.d.r.c.RepositoryConfigurationDelegate : Finished Spring Data repository scanning in 1 ms. Found 0 Redis repository interfaces.
2023-11-30T17:58:24.285-05:00  INFO 57151 --- [           main] o.s.s.web.DefaultSecurityFilterChain     : Will secure any request with [org.springframework.security.web.session.DisableEncodeUrlFilter@255ed8e4, org.springframework.security.web.context.request.async.WebAsyncManagerIntegrationFilter@406ad6d5, org.springframework.security.web.context.SecurityContextHolderFilter@5bb7a59, org.springframework.security.web.header.HeaderWriterFilter@6cd45b6c, org.springframework.security.web.csrf.CsrfFilter@1da75dde, org.springframework.security.web.authentication.logout.LogoutFilter@1d3d76b4, org.springframework.security.oauth2.server.resource.web.authentication.BearerTokenAuthenticationFilter@1d4cc7, org.springframework.security.web.savedrequest.RequestCacheAwareFilter@2a2b7a35, org.springframework.security.web.servletapi.SecurityContextHolderAwareRequestFilter@6e321d9d, org.springframework.security.web.authentication.AnonymousAuthenticationFilter@2a7bc16b, org.springframework.security.web.access.ExceptionTranslationFilter@259195fe, org.springframework.security.web.access.intercept.AuthorizationFilter@1182d1df]
2023-11-30T17:58:24.302-05:00  WARN 57151 --- [           main] o.s.data.convert.CustomConversions       : Registering converter from class org.springframework.data.geo.Point to interface java.util.Map as writing converter although it doesn't convert to a store-supported type; You might want to check your annotation setup at the converter implementation
2023-11-30T17:58:24.302-05:00  WARN 57151 --- [           main] o.s.data.convert.CustomConversions       : Registering converter from interface java.util.Map to class org.springframework.data.geo.Point as reading converter although it doesn't convert from a store-supported type; You might want to check your annotation setup at the converter implementation
2023-11-30T17:58:24.302-05:00  WARN 57151 --- [           main] o.s.data.convert.CustomConversions       : Registering converter from class org.springframework.data.elasticsearch.core.geo.GeoPoint to interface java.util.Map as writing converter although it doesn't convert to a store-supported type; You might want to check your annotation setup at the converter implementation
2023-11-30T17:58:24.302-05:00  WARN 57151 --- [           main] o.s.data.convert.CustomConversions       : Registering converter from interface java.util.Map to class org.springframework.data.elasticsearch.core.geo.GeoPoint as reading converter although it doesn't convert from a store-supported type; You might want to check your annotation setup at the converter implementation
2023-11-30T17:58:24.302-05:00  WARN 57151 --- [           main] o.s.data.convert.CustomConversions       : Registering converter from interface org.springframework.data.elasticsearch.core.geo.GeoJson to interface java.util.Map as writing converter although it doesn't convert to a store-supported type; You might want to check your annotation setup at the converter implementation
2023-11-30T17:58:24.302-05:00  WARN 57151 --- [           main] o.s.data.convert.CustomConversions       : Registering converter from interface java.util.Map to interface org.springframework.data.elasticsearch.core.geo.GeoJson as reading converter although it doesn't convert from a store-supported type; You might want to check your annotation setup at the converter implementation
2023-11-30T17:58:24.302-05:00  WARN 57151 --- [           main] o.s.data.convert.CustomConversions       : Registering converter from class org.springframework.data.elasticsearch.core.geo.GeoJsonPoint to interface java.util.Map as writing converter although it doesn't convert to a store-supported type; You might want to check your annotation setup at the converter implementation
2023-11-30T17:58:24.302-05:00  WARN 57151 --- [           main] o.s.data.convert.CustomConversions       : Registering converter from interface java.util.Map to class org.springframework.data.elasticsearch.core.geo.GeoJsonPoint as reading converter although it doesn't convert from a store-supported type; You might want to check your annotation setup at the converter implementation
2023-11-30T17:58:24.302-05:00  WARN 57151 --- [           main] o.s.data.convert.CustomConversions       : Registering converter from class org.springframework.data.elasticsearch.core.geo.GeoJsonMultiPoint to interface java.util.Map as writing converter although it doesn't convert to a store-supported type; You might want to check your annotation setup at the converter implementation
2023-11-30T17:58:24.303-05:00  WARN 57151 --- [           main] o.s.data.convert.CustomConversions       : Registering converter from interface java.util.Map to class org.springframework.data.elasticsearch.core.geo.GeoJsonMultiPoint as reading converter although it doesn't convert from a store-supported type; You might want to check your annotation setup at the converter implementation
2023-11-30T17:58:24.303-05:00  WARN 57151 --- [           main] o.s.data.convert.CustomConversions       : Registering converter from class org.springframework.data.elasticsearch.core.geo.GeoJsonLineString to interface java.util.Map as writing converter although it doesn't convert to a store-supported type; You might want to check your annotation setup at the converter implementation
2023-11-30T17:58:24.303-05:00  WARN 57151 --- [           main] o.s.data.convert.CustomConversions       : Registering converter from interface java.util.Map to class org.springframework.data.elasticsearch.core.geo.GeoJsonLineString as reading converter although it doesn't convert from a store-supported type; You might want to check your annotation setup at the converter implementation
2023-11-30T17:58:24.303-05:00  WARN 57151 --- [           main] o.s.data.convert.CustomConversions       : Registering converter from class org.springframework.data.elasticsearch.core.geo.GeoJsonMultiLineString to interface java.util.Map as writing converter although it doesn't convert to a store-supported type; You might want to check your annotation setup at the converter implementation
2023-11-30T17:58:24.303-05:00  WARN 57151 --- [           main] o.s.data.convert.CustomConversions       : Registering converter from interface java.util.Map to class org.springframework.data.elasticsearch.core.geo.GeoJsonMultiLineString as reading converter although it doesn't convert from a store-supported type; You might want to check your annotation setup at the converter implementation
2023-11-30T17:58:24.303-05:00  WARN 57151 --- [           main] o.s.data.convert.CustomConversions       : Registering converter from class org.springframework.data.elasticsearch.core.geo.GeoJsonPolygon to interface java.util.Map as writing converter although it doesn't convert to a store-supported type; You might want to check your annotation setup at the converter implementation
2023-11-30T17:58:24.303-05:00  WARN 57151 --- [           main] o.s.data.convert.CustomConversions       : Registering converter from interface java.util.Map to class org.springframework.data.elasticsearch.core.geo.GeoJsonPolygon as reading converter although it doesn't convert from a store-supported type; You might want to check your annotation setup at the converter implementation
2023-11-30T17:58:24.303-05:00  WARN 57151 --- [           main] o.s.data.convert.CustomConversions       : Registering converter from class org.springframework.data.elasticsearch.core.geo.GeoJsonMultiPolygon to interface java.util.Map as writing converter although it doesn't convert to a store-supported type; You might want to check your annotation setup at the converter implementation
2023-11-30T17:58:24.303-05:00  WARN 57151 --- [           main] o.s.data.convert.CustomConversions       : Registering converter from interface java.util.Map to class org.springframework.data.elasticsearch.core.geo.GeoJsonMultiPolygon as reading converter although it doesn't convert from a store-supported type; You might want to check your annotation setup at the converter implementation
2023-11-30T17:58:24.303-05:00  WARN 57151 --- [           main] o.s.data.convert.CustomConversions       : Registering converter from class org.springframework.data.elasticsearch.core.geo.GeoJsonGeometryCollection to interface java.util.Map as writing converter although it doesn't convert to a store-supported type; You might want to check your annotation setup at the converter implementation
2023-11-30T17:58:24.303-05:00  WARN 57151 --- [           main] o.s.data.convert.CustomConversions       : Registering converter from interface java.util.Map to class org.springframework.data.elasticsearch.core.geo.GeoJsonGeometryCollection as reading converter although it doesn't convert from a store-supported type; You might want to check your annotation setup at the converter implementation
2023-11-30T17:58:24.387-05:00  WARN 57151 --- [           main] org.elasticsearch.client.RestClient      : request [GET http://localhost:9200/] returned 1 warnings: [299 Elasticsearch-7.17.15-0b8ecfb4378335f4689c4223d1f1115f16bef3ba "Elasticsearch built-in security features are not enabled. Without authentication, your cluster could be accessible to anyone. See https://www.elastic.co/guide/en/elasticsearch/reference/7.17/security-minimal-setup.html to enable security."]
2023-11-30T17:58:24.408-05:00  INFO 57151 --- [           main] o.s.d.elasticsearch.support.VersionInfo  : Version Spring Data Elasticsearch: 4.1.3
2023-11-30T17:58:24.409-05:00  INFO 57151 --- [           main] o.s.d.elasticsearch.support.VersionInfo  : Version Elasticsearch Client in build: 7.9.3
2023-11-30T17:58:24.409-05:00  INFO 57151 --- [           main] o.s.d.elasticsearch.support.VersionInfo  : Version Elasticsearch Client used: 7.12.0
2023-11-30T17:58:24.409-05:00  WARN 57151 --- [           main] o.s.d.elasticsearch.support.VersionInfo  : Version mismatch in between Elasticsearch Clients build/use: 7.9.3 - 7.12.0
2023-11-30T17:58:24.409-05:00  INFO 57151 --- [           main] o.s.d.elasticsearch.support.VersionInfo  : Version Elasticsearch cluster: 7.17.15
2023-11-30T17:58:24.409-05:00  WARN 57151 --- [           main] o.s.d.elasticsearch.support.VersionInfo  : Version mismatch in between Elasticsearch Client and Cluster: 7.12.0 - 7.17.15
2023-11-30T17:58:24.814-05:00  INFO 57151 --- [           main] o.s.a.r.c.CachingConnectionFactory       : Attempting to connect to: [localhost:5672]
2023-11-30T17:58:24.900-05:00  INFO 57151 --- [           main] o.s.a.r.c.CachingConnectionFactory       : Created new connection: rabbitConnectionFactory#2be818da:0/SimpleConnection@96dfcbb [delegate=amqp://guest@127.0.0.1:5672/, localPort=57355]
2023-11-30T17:58:24.904-05:00  INFO 57151 --- [           main] o.s.amqp.rabbit.core.RabbitAdmin         : Auto-declaring a non-durable, auto-delete, or exclusive Queue (indexing-queue) durable:false, auto-delete:false, exclusive:false. It will be redeclared if the broker stops and is restarted while the connection factory is alive, but all messages will be lost.
Received <{body={

	"planCostShares": {
		"deductible": 2000,
		"_org": "example.com",
		"copay": 23,
		"objectId": "1234vxc2324sdf-501",
		"objectType": "membercostshare"
		
	},
	"linkedPlanServices": [{
		"linkedService": {
			"_org": "example.com",
			"objectId": "1234520xvc30asdf-502",
			"objectType": "service",
			"name": "Yearly physical"
		},
		"planserviceCostShares": {
			"deductible": 10,
			"_org": "example.com",
			"copay": 0,
			"objectId": "1234512xvc1314asdfs-503",
			"objectType": "membercostshare"
		},
		"_org": "example.com",
		"objectId": "27283xvx9asdff-504",
		"objectType": "planservice"
	}, {
		"linkedService": {
			"_org": "example.com",
			"objectId": "1234520xvc30sfs-505",
			"objectType": "service",
			"name": "well baby"
		},
		"planserviceCostShares": {
			"deductible": 10,
			"_org": "example.com",
			"copay": 175,
			"objectId": "1234512xvc1314sdfsd-506",
			"objectType": "membercostshare"
		},
		
		"_org": "example.com",
		
		"objectId": "27283xvx9sdf-507",
		"objectType": "planservice"
	}],


	"_org": "example.com",
	"objectId": "12xvxc345ssdsds-508",
	"objectType": "plan",
	"planType": "inNetwork",
	"creationDate": "12-12-2017"
}, operation=create}>
2023-11-30T17:58:24.933-05:00  INFO 57151 --- [           main] c.s.M.MedicalPlanApplicationTests        : Started MedicalPlanApplicationTests in 1.663 seconds (process running for 2.106)
2023-11-30T17:58:24.963-05:00  WARN 57151 --- [    container-1] org.elasticsearch.client.RestClient      : request [HEAD http://localhost:9200/plan-index?ignore_throttled=false&ignore_unavailable=false&expand_wildcards=open%2Cclosed&allow_no_indices=false] returned 2 warnings: [299 Elasticsearch-7.17.15-0b8ecfb4378335f4689c4223d1f1115f16bef3ba "Elasticsearch built-in security features are not enabled. Without authentication, your cluster could be accessible to anyone. See https://www.elastic.co/guide/en/elasticsearch/reference/7.17/security-minimal-setup.html to enable security."],[299 Elasticsearch-7.17.15-0b8ecfb4378335f4689c4223d1f1115f16bef3ba "[ignore_throttled] parameter is deprecated because frozen indices have been deprecated. Consider cold or frozen tiers in place of frozen indices."]
2023-11-30T17:58:25.308-05:00  WARN 57151 --- [    container-1] org.elasticsearch.client.RestClient      : request [PUT http://localhost:9200/plan-index?master_timeout=30s&timeout=30s] returned 1 warnings: [299 Elasticsearch-7.17.15-0b8ecfb4378335f4689c4223d1f1115f16bef3ba "Elasticsearch built-in security features are not enabled. Without authentication, your cluster could be accessible to anyone. See https://www.elastic.co/guide/en/elasticsearch/reference/7.17/security-minimal-setup.html to enable security."]
Index Creation:true
{deductible=2000, _org=example.com, copay=23, plan_join={parent=12xvxc345ssdsds-508, name=planCostShares}, objectId=1234vxc2324sdf-501, objectType=membercostshare}
{name=Yearly physical, _org=example.com, plan_join={parent=27283xvx9asdff-504, name=linkedService}, objectId=1234520xvc30asdf-502, objectType=service}
{deductible=10, _org=example.com, copay=0, plan_join={parent=27283xvx9asdff-504, name=planserviceCostShares}, objectId=1234512xvc1314asdfs-503, objectType=membercostshare}
{_org=example.com, plan_join={parent=12xvxc345ssdsds-508, name=linkedPlanServices}, objectId=27283xvx9asdff-504, objectType=planservice}
{name=well baby, _org=example.com, plan_join={parent=27283xvx9sdf-507, name=linkedService}, objectId=1234520xvc30sfs-505, objectType=service}
{deductible=10, _org=example.com, copay=175, plan_join={parent=27283xvx9sdf-507, name=planserviceCostShares}, objectId=1234512xvc1314sdfsd-506, objectType=membercostshare}
{_org=example.com, plan_join={parent=12xvxc345ssdsds-508, name=linkedPlanServices}, objectId=27283xvx9sdf-507, objectType=planservice}
{planType=inNetwork, _org=example.com, creationDate=12-12-2017, plan_join=plan, objectId=12xvxc345ssdsds-508, objectType=plan}
]]></system-out>
  </testcase>
</testsuite>